1737611182.654319 client started (44963): version 3.5a, socket /private/tmp/tmux-501/default, protocol 8
1737611182.654354 on Darwin 24.1.0 Darwin Kernel Version 24.1.0: Thu Oct 10 21:06:23 PDT 2024; root:xnu-11215.41.3~3/RELEASE_ARM64_T8132
1737611182.654361 using libevent 2.1.12-stable select
1737611182.654623 using utf8proc 2.10.0
1737611182.654633 using ncurses 6.5 20240427
1737611182.654645 flags are 0x18010000
1737611182.654649 socket is /private/tmp/tmux-501/default
1737611182.654656 trying connect
1737611182.654666 connect failed: No such file or directory
1737611182.654674 lock file is /private/tmp/tmux-501/default.lock
1737611182.654739 flock succeeded
1737611182.654743 got lock (6)
1737611182.654747 trying connect
1737611182.654753 connect failed: No such file or directory
1737611182.654995 add peer 0x140008000: 7 (0x0)
1737611182.657371 sending message 111 to peer 0x140008000 (8 bytes)
1737611182.657378 sending message 111 to peer 0x140008000 (8 bytes)
1737611182.657383 sending message 101 to peer 0x140008000 (15 bytes)
1737611182.657386 sending message 109 to peer 0x140008000 (4 bytes)
1737611182.657389 sending message 102 to peer 0x140008000 (13 bytes)
1737611182.657393 sending message 108 to peer 0x140008000 (49 bytes)
1737611182.657397 sending message 112 to peer 0x140008000 (58 bytes)
1737611182.657401 sending message 112 to peer 0x140008000 (5 bytes)
1737611182.657405 sending message 112 to peer 0x140008000 (5 bytes)
1737611182.657408 sending message 112 to peer 0x140008000 (6 bytes)
1737611182.657412 sending message 112 to peer 0x140008000 (6 bytes)
1737611182.657415 sending message 112 to peer 0x140008000 (11 bytes)
1737611182.657418 sending message 112 to peer 0x140008000 (10 bytes)
1737611182.657421 sending message 112 to peer 0x140008000 (13 bytes)
1737611182.657424 sending message 112 to peer 0x140008000 (14 bytes)
1737611182.657428 sending message 112 to peer 0x140008000 (19 bytes)
1737611182.657432 sending message 112 to peer 0x140008000 (11 bytes)
1737611182.657434 sending message 112 to peer 0x140008000 (10 bytes)
1737611182.657437 sending message 112 to peer 0x140008000 (15 bytes)
1737611182.657440 sending message 112 to peer 0x140008000 (21 bytes)
1737611182.657442 sending message 112 to peer 0x140008000 (13 bytes)
1737611182.657445 sending message 112 to peer 0x140008000 (7 bytes)
1737611182.657447 sending message 112 to peer 0x140008000 (13 bytes)
1737611182.657450 sending message 112 to peer 0x140008000 (7 bytes)
1737611182.657453 sending message 112 to peer 0x140008000 (13 bytes)
1737611182.657455 sending message 112 to peer 0x140008000 (9 bytes)
1737611182.657458 sending message 112 to peer 0x140008000 (21 bytes)
1737611182.657460 sending message 112 to peer 0x140008000 (13 bytes)
1737611182.657463 sending message 112 to peer 0x140008000 (9 bytes)
1737611182.657467 sending message 112 to peer 0x140008000 (16 bytes)
1737611182.657471 sending message 112 to peer 0x140008000 (13 bytes)
1737611182.657474 sending message 112 to peer 0x140008000 (9 bytes)
1737611182.657478 sending message 112 to peer 0x140008000 (9 bytes)
1737611182.657481 sending message 112 to peer 0x140008000 (12 bytes)
1737611182.657485 sending message 112 to peer 0x140008000 (8 bytes)
1737611182.657489 sending message 112 to peer 0x140008000 (8 bytes)
1737611182.657492 sending message 112 to peer 0x140008000 (13 bytes)
1737611182.657496 sending message 112 to peer 0x140008000 (7 bytes)
1737611182.657499 sending message 112 to peer 0x140008000 (7 bytes)
1737611182.657502 sending message 112 to peer 0x140008000 (9 bytes)
1737611182.657506 sending message 112 to peer 0x140008000 (9 bytes)
1737611182.657510 sending message 112 to peer 0x140008000 (15 bytes)
1737611182.657513 sending message 112 to peer 0x140008000 (13 bytes)
1737611182.657518 sending message 112 to peer 0x140008000 (12 bytes)
1737611182.657521 sending message 112 to peer 0x140008000 (8 bytes)
1737611182.657525 sending message 112 to peer 0x140008000 (14 bytes)
1737611182.657529 sending message 112 to peer 0x140008000 (11 bytes)
1737611182.657532 sending message 112 to peer 0x140008000 (9 bytes)
1737611182.657544 sending message 112 to peer 0x140008000 (10 bytes)
1737611182.657547 sending message 112 to peer 0x140008000 (10 bytes)
1737611182.657551 sending message 112 to peer 0x140008000 (10 bytes)
1737611182.657553 sending message 112 to peer 0x140008000 (10 bytes)
1737611182.657556 sending message 112 to peer 0x140008000 (11 bytes)
1737611182.657559 sending message 112 to peer 0x140008000 (12 bytes)
1737611182.657562 sending message 112 to peer 0x140008000 (12 bytes)
1737611182.657565 sending message 112 to peer 0x140008000 (12 bytes)
1737611182.657569 sending message 112 to peer 0x140008000 (12 bytes)
1737611182.657571 sending message 112 to peer 0x140008000 (12 bytes)
1737611182.657574 sending message 112 to peer 0x140008000 (11 bytes)
1737611182.657577 sending message 112 to peer 0x140008000 (11 bytes)
1737611182.657580 sending message 112 to peer 0x140008000 (12 bytes)
1737611182.657583 sending message 112 to peer 0x140008000 (12 bytes)
1737611182.657587 sending message 112 to peer 0x140008000 (12 bytes)
1737611182.657590 sending message 112 to peer 0x140008000 (12 bytes)
1737611182.657592 sending message 112 to peer 0x140008000 (12 bytes)
1737611182.657595 sending message 112 to peer 0x140008000 (9 bytes)
1737611182.657598 sending message 112 to peer 0x140008000 (12 bytes)
1737611182.657600 sending message 112 to peer 0x140008000 (13 bytes)
1737611182.657603 sending message 112 to peer 0x140008000 (13 bytes)
1737611182.657606 sending message 112 to peer 0x140008000 (13 bytes)
1737611182.657608 sending message 112 to peer 0x140008000 (13 bytes)
1737611182.657611 sending message 112 to peer 0x140008000 (13 bytes)
1737611182.657612 sending message 112 to peer 0x140008000 (8 bytes)
1737611182.657614 sending message 112 to peer 0x140008000 (11 bytes)
1737611182.657617 sending message 112 to peer 0x140008000 (11 bytes)
1737611182.657620 sending message 112 to peer 0x140008000 (11 bytes)
1737611182.657623 sending message 112 to peer 0x140008000 (12 bytes)
1737611182.657626 sending message 112 to peer 0x140008000 (12 bytes)
1737611182.657628 sending message 112 to peer 0x140008000 (12 bytes)
1737611182.657632 sending message 112 to peer 0x140008000 (12 bytes)
1737611182.657634 sending message 112 to peer 0x140008000 (13 bytes)
1737611182.657636 sending message 112 to peer 0x140008000 (13 bytes)
1737611182.657638 sending message 112 to peer 0x140008000 (13 bytes)
1737611182.657640 sending message 112 to peer 0x140008000 (8 bytes)
1737611182.657642 sending message 112 to peer 0x140008000 (13 bytes)
1737611182.657644 sending message 112 to peer 0x140008000 (13 bytes)
1737611182.657646 sending message 112 to peer 0x140008000 (13 bytes)
1737611182.657648 sending message 112 to peer 0x140008000 (13 bytes)
1737611182.657651 sending message 112 to peer 0x140008000 (13 bytes)
1737611182.657653 sending message 112 to peer 0x140008000 (12 bytes)
1737611182.657656 sending message 112 to peer 0x140008000 (12 bytes)
1737611182.657658 sending message 112 to peer 0x140008000 (12 bytes)
1737611182.657661 sending message 112 to peer 0x140008000 (12 bytes)
1737611182.657665 sending message 112 to peer 0x140008000 (13 bytes)
1737611182.657667 sending message 112 to peer 0x140008000 (8 bytes)
1737611182.657670 sending message 112 to peer 0x140008000 (13 bytes)
1737611182.657673 sending message 112 to peer 0x140008000 (13 bytes)
1737611182.657676 sending message 112 to peer 0x140008000 (13 bytes)
1737611182.657679 sending message 112 to peer 0x140008000 (13 bytes)
1737611182.657683 sending message 112 to peer 0x140008000 (13 bytes)
1737611182.657686 sending message 112 to peer 0x140008000 (13 bytes)
1737611182.657688 sending message 112 to peer 0x140008000 (13 bytes)
1737611182.657691 sending message 112 to peer 0x140008000 (12 bytes)
1737611182.657694 sending message 112 to peer 0x140008000 (12 bytes)
1737611182.657696 sending message 112 to peer 0x140008000 (12 bytes)
1737611182.657699 sending message 112 to peer 0x140008000 (8 bytes)
1737611182.657702 sending message 112 to peer 0x140008000 (12 bytes)
1737611182.657709 sending message 112 to peer 0x140008000 (13 bytes)
1737611182.657712 sending message 112 to peer 0x140008000 (13 bytes)
1737611182.657715 sending message 112 to peer 0x140008000 (13 bytes)
1737611182.657719 sending message 112 to peer 0x140008000 (13 bytes)
1737611182.657721 sending message 112 to peer 0x140008000 (13 bytes)
1737611182.657724 sending message 112 to peer 0x140008000 (13 bytes)
1737611182.657726 sending message 112 to peer 0x140008000 (13 bytes)
1737611182.657728 sending message 112 to peer 0x140008000 (13 bytes)
1737611182.657731 sending message 112 to peer 0x140008000 (12 bytes)
1737611182.657734 sending message 112 to peer 0x140008000 (10 bytes)
1737611182.657738 sending message 112 to peer 0x140008000 (12 bytes)
1737611182.657740 sending message 112 to peer 0x140008000 (12 bytes)
1737611182.657742 sending message 112 to peer 0x140008000 (12 bytes)
1737611182.657745 sending message 112 to peer 0x140008000 (13 bytes)
1737611182.657748 sending message 112 to peer 0x140008000 (13 bytes)
1737611182.657751 sending message 112 to peer 0x140008000 (13 bytes)
1737611182.657754 sending message 112 to peer 0x140008000 (13 bytes)
1737611182.657757 sending message 112 to peer 0x140008000 (13 bytes)
1737611182.657759 sending message 112 to peer 0x140008000 (13 bytes)
1737611182.657762 sending message 112 to peer 0x140008000 (13 bytes)
1737611182.657764 sending message 112 to peer 0x140008000 (10 bytes)
1737611182.657765 sending message 112 to peer 0x140008000 (13 bytes)
1737611182.657769 sending message 112 to peer 0x140008000 (12 bytes)
1737611182.657770 sending message 112 to peer 0x140008000 (12 bytes)
1737611182.657773 sending message 112 to peer 0x140008000 (12 bytes)
1737611182.657777 sending message 112 to peer 0x140008000 (10 bytes)
1737611182.657780 sending message 112 to peer 0x140008000 (10 bytes)
1737611182.657784 sending message 112 to peer 0x140008000 (10 bytes)
1737611182.657788 sending message 112 to peer 0x140008000 (12 bytes)
1737611182.657792 sending message 112 to peer 0x140008000 (13 bytes)
1737611182.657794 sending message 112 to peer 0x140008000 (13 bytes)
1737611182.657796 sending message 112 to peer 0x140008000 (13 bytes)
1737611182.657799 sending message 112 to peer 0x140008000 (13 bytes)
1737611182.657802 sending message 112 to peer 0x140008000 (13 bytes)
1737611182.657805 sending message 112 to peer 0x140008000 (10 bytes)
1737611182.657808 sending message 112 to peer 0x140008000 (11 bytes)
1737611182.657811 sending message 112 to peer 0x140008000 (12 bytes)
1737611182.657813 sending message 112 to peer 0x140008000 (12 bytes)
1737611182.657816 sending message 112 to peer 0x140008000 (12 bytes)
1737611182.657818 sending message 112 to peer 0x140008000 (12 bytes)
1737611182.657821 sending message 112 to peer 0x140008000 (12 bytes)
1737611182.657824 sending message 112 to peer 0x140008000 (11 bytes)
1737611182.657827 sending message 112 to peer 0x140008000 (12 bytes)
1737611182.657830 sending message 112 to peer 0x140008000 (12 bytes)
1737611182.657835 sending message 112 to peer 0x140008000 (13 bytes)
1737611182.657838 sending message 112 to peer 0x140008000 (13 bytes)
1737611182.657841 sending message 112 to peer 0x140008000 (13 bytes)
1737611182.657844 sending message 112 to peer 0x140008000 (13 bytes)
1737611182.657846 sending message 112 to peer 0x140008000 (13 bytes)
1737611182.657849 sending message 112 to peer 0x140008000 (10 bytes)
1737611182.657852 sending message 112 to peer 0x140008000 (9 bytes)
1737611182.657856 sending message 112 to peer 0x140008000 (12 bytes)
1737611182.657859 sending message 112 to peer 0x140008000 (13 bytes)
1737611182.657861 sending message 112 to peer 0x140008000 (13 bytes)
1737611182.657864 sending message 112 to peer 0x140008000 (13 bytes)
1737611182.657867 sending message 112 to peer 0x140008000 (13 bytes)
1737611182.657870 sending message 112 to peer 0x140008000 (13 bytes)
1737611182.657874 sending message 112 to peer 0x140008000 (9 bytes)
1737611182.657878 sending message 112 to peer 0x140008000 (12 bytes)
1737611182.657880 sending message 112 to peer 0x140008000 (13 bytes)
1737611182.657886 sending message 112 to peer 0x140008000 (13 bytes)
1737611182.657889 sending message 112 to peer 0x140008000 (13 bytes)
1737611182.657894 sending message 112 to peer 0x140008000 (13 bytes)
1737611182.657896 sending message 112 to peer 0x140008000 (13 bytes)
1737611182.657899 sending message 112 to peer 0x140008000 (11 bytes)
1737611182.657902 sending message 112 to peer 0x140008000 (12 bytes)
1737611182.657905 sending message 112 to peer 0x140008000 (13 bytes)
1737611182.657907 sending message 112 to peer 0x140008000 (13 bytes)
1737611182.657910 sending message 112 to peer 0x140008000 (13 bytes)
1737611182.657912 sending message 112 to peer 0x140008000 (13 bytes)
1737611182.657914 sending message 112 to peer 0x140008000 (13 bytes)
1737611182.657916 sending message 112 to peer 0x140008000 (11 bytes)
1737611182.657918 sending message 112 to peer 0x140008000 (12 bytes)
1737611182.657921 sending message 112 to peer 0x140008000 (12 bytes)
1737611182.657923 sending message 112 to peer 0x140008000 (12 bytes)
1737611182.657925 sending message 112 to peer 0x140008000 (12 bytes)
1737611182.657928 sending message 112 to peer 0x140008000 (12 bytes)
1737611182.657931 sending message 112 to peer 0x140008000 (21 bytes)
1737611182.657934 sending message 112 to peer 0x140008000 (12 bytes)
1737611182.657936 sending message 112 to peer 0x140008000 (9 bytes)
1737611182.657939 sending message 112 to peer 0x140008000 (6 bytes)
1737611182.657941 sending message 112 to peer 0x140008000 (13 bytes)
1737611182.657944 sending message 112 to peer 0x140008000 (10 bytes)
1737611182.657946 sending message 112 to peer 0x140008000 (15 bytes)
1737611182.657949 sending message 112 to peer 0x140008000 (13 bytes)
1737611182.657952 sending message 112 to peer 0x140008000 (9 bytes)
1737611182.657955 sending message 112 to peer 0x140008000 (70 bytes)
1737611182.657957 sending message 112 to peer 0x140008000 (69 bytes)
1737611182.657960 sending message 112 to peer 0x140008000 (73 bytes)
1737611182.657963 sending message 112 to peer 0x140008000 (12 bytes)
1737611182.657966 sending message 112 to peer 0x140008000 (10 bytes)
1737611182.657969 sending message 112 to peer 0x140008000 (10 bytes)
1737611182.657974 sending message 112 to peer 0x140008000 (15 bytes)
1737611182.657978 sending message 112 to peer 0x140008000 (13 bytes)
1737611182.657980 sending message 112 to peer 0x140008000 (10 bytes)
1737611182.657983 sending message 112 to peer 0x140008000 (10 bytes)
1737611182.657986 sending message 112 to peer 0x140008000 (17 bytes)
1737611182.657989 sending message 112 to peer 0x140008000 (13 bytes)
1737611182.657991 sending message 112 to peer 0x140008000 (15 bytes)
1737611182.657994 sending message 112 to peer 0x140008000 (5 bytes)
1737611182.657998 sending message 104 to peer 0x140008000 (0 bytes)
1737611182.658001 sending message 110 to peer 0x140008000 (0 bytes)
1737611182.658003 sending message 107 to peer 0x140008000 (4 bytes)
1737611182.658006 sending message 105 to peer 0x140008000 (60 bytes)
1737611182.658009 sending message 105 to peer 0x140008000 (66 bytes)
1737611182.658013 sending message 105 to peer 0x140008000 (27 bytes)
1737611182.658016 sending message 105 to peer 0x140008000 (15 bytes)
1737611182.658019 sending message 105 to peer 0x140008000 (22 bytes)
1737611182.658023 sending message 105 to peer 0x140008000 (14 bytes)
1737611182.658027 sending message 105 to peer 0x140008000 (17 bytes)
1737611182.658031 sending message 105 to peer 0x140008000 (53 bytes)
1737611182.658033 sending message 105 to peer 0x140008000 (15 bytes)
1737611182.658036 sending message 105 to peer 0x140008000 (43 bytes)
1737611182.658039 sending message 105 to peer 0x140008000 (24 bytes)
1737611182.658041 sending message 105 to peer 0x140008000 (42 bytes)
1737611182.658045 sending message 105 to peer 0x140008000 (28 bytes)
1737611182.658049 sending message 105 to peer 0x140008000 (23 bytes)
1737611182.658053 sending message 105 to peer 0x140008000 (548 bytes)
1737611182.658056 sending message 105 to peer 0x140008000 (19 bytes)
1737611182.658064 sending message 105 to peer 0x140008000 (20 bytes)
1737611182.658067 sending message 105 to peer 0x140008000 (22 bytes)
1737611182.658069 sending message 105 to peer 0x140008000 (20 bytes)
1737611182.658072 sending message 105 to peer 0x140008000 (185 bytes)
1737611182.658075 sending message 105 to peer 0x140008000 (26 bytes)
1737611182.658077 sending message 105 to peer 0x140008000 (57 bytes)
1737611182.658080 sending message 105 to peer 0x140008000 (19 bytes)
1737611182.658083 sending message 105 to peer 0x140008000 (19 bytes)
1737611182.658086 sending message 105 to peer 0x140008000 (22 bytes)
1737611182.658088 sending message 105 to peer 0x140008000 (54 bytes)
1737611182.658091 sending message 105 to peer 0x140008000 (32 bytes)
1737611182.658095 sending message 105 to peer 0x140008000 (61 bytes)
1737611182.658097 sending message 105 to peer 0x140008000 (8 bytes)
1737611182.658100 sending message 105 to peer 0x140008000 (43 bytes)
1737611182.658102 sending message 105 to peer 0x140008000 (30 bytes)
1737611182.658105 sending message 105 to peer 0x140008000 (37 bytes)
1737611182.658108 sending message 105 to peer 0x140008000 (34 bytes)
1737611182.658110 sending message 105 to peer 0x140008000 (35 bytes)
1737611182.658113 sending message 105 to peer 0x140008000 (36 bytes)
1737611182.658115 sending message 105 to peer 0x140008000 (11 bytes)
1737611182.658117 sending message 105 to peer 0x140008000 (8 bytes)
1737611182.658119 sending message 105 to peer 0x140008000 (32 bytes)
1737611182.658122 sending message 105 to peer 0x140008000 (96 bytes)
1737611182.658128 sending message 105 to peer 0x140008000 (34 bytes)
1737611182.658131 sending message 105 to peer 0x140008000 (16 bytes)
1737611182.658135 sending message 105 to peer 0x140008000 (16 bytes)
1737611182.658138 sending message 105 to peer 0x140008000 (184 bytes)
1737611182.658141 sending message 105 to peer 0x140008000 (66 bytes)
1737611182.658143 sending message 105 to peer 0x140008000 (65 bytes)
1737611182.658145 sending message 105 to peer 0x140008000 (73 bytes)
1737611182.658147 sending message 105 to peer 0x140008000 (141 bytes)
1737611182.658149 sending message 105 to peer 0x140008000 (68 bytes)
1737611182.658151 sending message 105 to peer 0x140008000 (20 bytes)
1737611182.658153 sending message 105 to peer 0x140008000 (25 bytes)
1737611182.658155 sending message 106 to peer 0x140008000 (0 bytes)
1737611182.658193 sending message 200 to peer 0x140008000 (4 bytes)
1737611182.658197 client loop enter
1737611182.658208 client_signal: Child exited: 20
1737611182.696553 peer 0x140008000 message 207
1737611182.696563 sending message 208 to peer 0x140008000 (0 bytes)
1737611202.176587 client loop exit
